<?xml version="1.0" encoding="UTF-8"?>
<!-- Generated by org.testng.reporters.JUnitReportReporter -->
<testsuite skipped="0" hostname="LAPTOP-FMAA3SP7" name="test.ExtentRepostsDemoWithTestTNG" tests="2" failures="0" timestamp="2020-03-28T19:54:04 COT" time="3.424" errors="0">
  <testcase name="test1" time="3.423" classname="test.ExtentRepostsDemoWithTestTNG"/>
  <system-out/>
  <testcase name="test2" time="0.001" classname="test.ExtentRepostsDemoWithTestTNG"/>
  <system-out/>
</testsuite> <!-- test.ExtentRepostsDemoWithTestTNG -->
