<?xml version="1.0" encoding="UTF-8"?>
<!-- Generated by org.testng.reporters.JUnitReportReporter -->
<testsuite skipped="0" hostname="LAPTOP-FMAA3SP7" name="demo.TestNGDependencyDemo" tests="3" failures="0" timestamp="2020-04-12T21:39:13 COT" time="0.012" errors="0">
  <testcase name="test2" time="0.012" classname="demo.TestNGDependencyDemo"/>
  <system-out/>
  <testcase name="test3" time="0.000" classname="demo.TestNGDependencyDemo"/>
  <system-out/>
  <testcase name="test1" time="0.000" classname="demo.TestNGDependencyDemo"/>
  <system-out/>
</testsuite> <!-- demo.TestNGDependencyDemo -->
