<?xml version="1.0" encoding="UTF-8"?>
<!-- Generated by org.testng.reporters.JUnitReportReporter -->
<testsuite skipped="0" hostname="LAPTOP-FMAA3SP7" name="demo.TestNGPriorityDemo" tests="3" failures="0" timestamp="2020-04-12T18:39:13 COT" time="0.016" errors="0">
  <testcase name="two" time="0.000" classname="demo.TestNGPriorityDemo"/>
  <system-out/>
  <testcase name="three" time="0.000" classname="demo.TestNGPriorityDemo"/>
  <system-out/>
  <testcase name="one" time="0.016" classname="demo.TestNGPriorityDemo"/>
  <system-out/>
</testsuite> <!-- demo.TestNGPriorityDemo -->
