<?xml version="1.0" encoding="UTF-8"?>
<!-- Generated by org.testng.reporters.JUnitReportReporter -->
<testsuite skipped="1" hostname="LAPTOP-FMAA3SP7" name="listeners.TestNGListenerDemo2" tests="3" failures="0" timestamp="2020-04-12T15:32:29 COT" time="0.004" errors="0">
  <testcase name="test1" time="0.001" classname="listeners.TestNGListenerDemo2"/>
  <system-out/>
  <testcase name="test3" time="0.002" classname="listeners.TestNGListenerDemo2">
    <skipped/>
  </testcase> <!-- test3 -->
  <system-out/>
  <testcase name="test2" time="0.001" classname="listeners.TestNGListenerDemo2"/>
  <system-out/>
</testsuite> <!-- listeners.TestNGListenerDemo2 -->
