<?xml version="1.0" encoding="UTF-8"?>
<!-- Generated by org.testng.reporters.JUnitReportReporter -->
<testsuite skipped="0" hostname="LAPTOP-FMAA3SP7" name="demo.TestNGGroupDemo" tests="4" failures="0" timestamp="2020-04-12T21:36:14 COT" time="0.000" errors="0">
  <testcase name="test1" time="0.000" classname="demo.TestNGGroupDemo"/>
  <system-out/>
  <testcase name="test3" time="0.000" classname="demo.TestNGGroupDemo"/>
  <system-out/>
  <testcase name="test2" time="0.000" classname="demo.TestNGGroupDemo"/>
  <system-out/>
  <testcase name="test4" time="0.000" classname="demo.TestNGGroupDemo"/>
  <system-out/>
</testsuite> <!-- demo.TestNGGroupDemo -->
