<?xml version="1.0" encoding="UTF-8"?>
<!-- Generated by org.testng.reporters.JUnitReportReporter -->
<testsuite skipped="0" hostname="LAPTOP-FMAA3SP7" name="utils.ExcelDataProvider" tests="6" failures="0" timestamp="2020-04-11T20:22:03 COT" time="17.651" errors="0">
  <testcase name="test1" time="3.236" classname="utils.ExcelDataProvider"/>
  <system-out/>
  <testcase name="test1" time="2.498" classname="utils.ExcelDataProvider"/>
  <system-out/>
  <testcase name="test1" time="4.364" classname="utils.ExcelDataProvider"/>
  <system-out/>
  <testcase name="test1" time="2.483" classname="utils.ExcelDataProvider"/>
  <system-out/>
  <testcase name="test1" time="2.458" classname="utils.ExcelDataProvider"/>
  <system-out/>
  <testcase name="test1" time="2.612" classname="utils.ExcelDataProvider"/>
  <system-out/>
</testsuite> <!-- utils.ExcelDataProvider -->
