<?xml version="1.0" encoding="UTF-8"?>
<!-- Generated by org.testng.reporters.JUnitReportReporter -->
<testsuite skipped="0" hostname="LAPTOP-FMAA3SP7" name="test.GoogleSearchPageTestNGDemo3" tests="1" failures="0" timestamp="2020-04-10T21:22:49 COT" time="3.009" errors="0">
  <testcase name="googleSearchTest" time="3.009" classname="test.GoogleSearchPageTestNGDemo3"/>
  <system-out/>
</testsuite> <!-- test.GoogleSearchPageTestNGDemo3 -->
