<?xml version="1.0" encoding="UTF-8"?>
<!-- Generated by org.testng.reporters.JUnitReportReporter -->
<testsuite skipped="0" hostname="LAPTOP-FMAA3SP7" name="demo.TestNGMultiBrowserDemo" tests="1" failures="0" timestamp="2020-04-12T19:02:42 COT" time="6.864" errors="0">
  <testcase name="test1" time="6.864" classname="demo.TestNGMultiBrowserDemo"/>
  <system-out/>
</testsuite> <!-- demo.TestNGMultiBrowserDemo -->
