<?xml version="1.0" encoding="UTF-8"?>
<!-- Generated by org.testng.reporters.JUnitReportReporter -->
<testsuite skipped="0" hostname="LAPTOP-FMAA3SP7" name="demo.TestNGParametersDemo" tests="1" failures="0" timestamp="2020-04-12T21:27:44 COT" time="0.012" errors="0">
  <testcase name="test" time="0.012" classname="demo.TestNGParametersDemo"/>
  <system-out/>
</testsuite> <!-- demo.TestNGParametersDemo -->
